Determining if the pthread_create exist failed with the following output:
Change Dir: /home/local/ws/build/CMakeFiles/CMakeTmp

Run Build Command:"/usr/bin/make" "cmTC_33f94/fast"
/usr/bin/make -f CMakeFiles/cmTC_33f94.dir/build.make CMakeFiles/cmTC_33f94.dir/build
make[1]: Entering directory '/home/local/ws/build/CMakeFiles/CMakeTmp'
Building C object CMakeFiles/cmTC_33f94.dir/CheckSymbolExists.c.o
/usr/bin/cc    -o CMakeFiles/cmTC_33f94.dir/CheckSymbolExists.c.o   -c /home/local/ws/build/CMakeFiles/CMakeTmp/CheckSymbolExists.c
Linking C executable cmTC_33f94
/usr/bin/cmake -E cmake_link_script CMakeFiles/cmTC_33f94.dir/link.txt --verbose=1
/usr/bin/cc      -rdynamic CMakeFiles/cmTC_33f94.dir/CheckSymbolExists.c.o  -o cmTC_33f94 
CMakeFiles/cmTC_33f94.dir/CheckSymbolExists.c.o: In function `main':
CheckSymbolExists.c:(.text+0x1b): undefined reference to `pthread_create'
collect2: error: ld returned 1 exit status
CMakeFiles/cmTC_33f94.dir/build.make:97: recipe for target 'cmTC_33f94' failed
make[1]: *** [cmTC_33f94] Error 1
make[1]: Leaving directory '/home/local/ws/build/CMakeFiles/CMakeTmp'
Makefile:126: recipe for target 'cmTC_33f94/fast' failed
make: *** [cmTC_33f94/fast] Error 2

File /home/local/ws/build/CMakeFiles/CMakeTmp/CheckSymbolExists.c:
/* */
#include <pthread.h>

int main(int argc, char** argv)
{
  (void)argv;
#ifndef pthread_create
  return ((int*)(&pthread_create))[argc];
#else
  (void)argc;
  return 0;
#endif
}

Determining if the function pthread_create exists in the pthreads failed with the following output:
Change Dir: /home/local/ws/build/CMakeFiles/CMakeTmp

Run Build Command:"/usr/bin/make" "cmTC_1cb00/fast"
/usr/bin/make -f CMakeFiles/cmTC_1cb00.dir/build.make CMakeFiles/cmTC_1cb00.dir/build
make[1]: Entering directory '/home/local/ws/build/CMakeFiles/CMakeTmp'
Building C object CMakeFiles/cmTC_1cb00.dir/CheckFunctionExists.c.o
/usr/bin/cc   -DCHECK_FUNCTION_EXISTS=pthread_create   -o CMakeFiles/cmTC_1cb00.dir/CheckFunctionExists.c.o   -c /usr/share/cmake-3.10/Modules/CheckFunctionExists.c
Linking C executable cmTC_1cb00
/usr/bin/cmake -E cmake_link_script CMakeFiles/cmTC_1cb00.dir/link.txt --verbose=1
/usr/bin/cc  -DCHECK_FUNCTION_EXISTS=pthread_create    -rdynamic CMakeFiles/cmTC_1cb00.dir/CheckFunctionExists.c.o  -o cmTC_1cb00 -lpthreads 
/usr/bin/ld: cannot find -lpthreads
collect2: error: ld returned 1 exit status
CMakeFiles/cmTC_1cb00.dir/build.make:97: recipe for target 'cmTC_1cb00' failed
make[1]: *** [cmTC_1cb00] Error 1
make[1]: Leaving directory '/home/local/ws/build/CMakeFiles/CMakeTmp'
Makefile:126: recipe for target 'cmTC_1cb00/fast' failed
make: *** [cmTC_1cb00/fast] Error 2


